[29/Jul/2020 12:36:21] ::1 - - GET /polyfills-es2015.js HTTP/1.1 304 3.566 ms
[29/Jul/2020 12:36:21] ::1 - - GET /runtime-es2015.js HTTP/1.1 304 6.107 ms
[29/Jul/2020 12:36:21] ::1 - - GET /styles-es2015.js HTTP/1.1 304 1.359 ms
[29/Jul/2020 12:36:21] ::1 - - GET /main-es2015.js HTTP/1.1 304 1.744 ms
[29/Jul/2020 12:36:21] ::1 - - GET /vendor-es2015.js HTTP/1.1 304 3.486 ms
[29/Jul/2020 12:36:21] ::1 - - GET /scripts.js HTTP/1.1 304 0.498 ms
[29/Jul/2020 12:36:21] ::1 - - GET /assets/img/5bitslogo.png HTTP/1.1 304 0.630 ms
[29/Jul/2020 12:36:21] ::1 - - GET /assets/pink-bluegrey.css HTTP/1.1 304 0.652 ms
[29/Jul/2020 12:36:21] ::1 - - GET /assets/options.json HTTP/1.1 304 0.523 ms
[29/Jul/2020 12:36:22] ::1 - - GET /favicon.ico HTTP/1.1 200 3.406 ms
[29/Jul/2020 12:37:20] ::1 - - GET / HTTP/1.1 200 1.764 ms
[29/Jul/2020 12:37:20] ::1 - - GET /runtime-es2015.js HTTP/1.1 304 0.853 ms
[29/Jul/2020 12:37:20] ::1 - - GET /polyfills-es2015.js HTTP/1.1 304 0.770 ms
[29/Jul/2020 12:37:20] ::1 - - GET /styles-es2015.js HTTP/1.1 304 6.012 ms
[29/Jul/2020 12:37:20] ::1 - - GET /vendor-es2015.js HTTP/1.1 304 6.598 ms
[29/Jul/2020 12:37:20] ::1 - - GET /main-es2015.js HTTP/1.1 304 6.475 ms
[29/Jul/2020 12:37:20] ::1 - - GET /scripts.js HTTP/1.1 304 0.594 ms
[29/Jul/2020 12:37:21] ::1 - - GET /assets/img/5bitslogo.png HTTP/1.1 304 1.006 ms
[29/Jul/2020 12:37:21] ::1 - - GET /assets/pink-bluegrey.css HTTP/1.1 304 0.744 ms
[29/Jul/2020 12:37:21] ::1 - - GET /assets/options.json HTTP/1.1 304 0.527 ms
[29/Jul/2020 12:37:35] ::1 - - GET /runtime-es2015.js HTTP/1.1 304 1.906 ms
[29/Jul/2020 12:37:35] ::1 - - GET /polyfills-es2015.js HTTP/1.1 304 2.644 ms
[29/Jul/2020 12:37:35] ::1 - - GET /styles-es2015.js HTTP/1.1 304 3.025 ms
[29/Jul/2020 12:37:35] ::1 - - GET /vendor-es2015.js HTTP/1.1 304 3.456 ms
[29/Jul/2020 12:37:35] ::1 - - GET /main-es2015.js HTTP/1.1 304 0.775 ms
[29/Jul/2020 12:37:35] ::1 - - GET /scripts.js HTTP/1.1 304 0.449 ms
[29/Jul/2020 12:37:35] ::1 - - GET /assets/img/5bitslogo.png HTTP/1.1 304 2.072 ms
[29/Jul/2020 12:37:35] ::1 - - GET /assets/pink-bluegrey.css HTTP/1.1 304 0.516 ms
[29/Jul/2020 12:37:35] ::1 - - GET /assets/options.json HTTP/1.1 304 0.707 ms
[29/Jul/2020 12:37:36] ::1 - - GET /favicon.ico HTTP/1.1 200 1.187 ms
[29/Jul/2020 12:38:54] ::1 - - GET / HTTP/1.1 304 0.522 ms
[29/Jul/2020 12:38:54] ::1 - - GET /runtime-es2015.js HTTP/1.1 304 3.179 ms
[29/Jul/2020 12:38:54] ::1 - - GET /polyfills-es2015.js HTTP/1.1 304 2.464 ms
[29/Jul/2020 12:38:54] ::1 - - GET /styles-es2015.js HTTP/1.1 304 0.520 ms
[29/Jul/2020 12:38:54] ::1 - - GET /vendor-es2015.js HTTP/1.1 304 0.978 ms
[29/Jul/2020 12:38:54] ::1 - - GET /main-es2015.js HTTP/1.1 304 1.372 ms
[29/Jul/2020 12:38:54] ::1 - - GET /scripts.js HTTP/1.1 304 0.931 ms
[29/Jul/2020 12:38:55] ::1 - - GET /assets/img/5bitslogo.png HTTP/1.1 304 0.471 ms
[29/Jul/2020 12:38:55] ::1 - - GET /assets/pink-bluegrey.css HTTP/1.1 304 0.405 ms
[29/Jul/2020 12:38:55] ::1 - - GET /assets/options.json HTTP/1.1 304 0.943 ms
[29/Jul/2020 12:45:19] ::1 - - GET /assets/img/Placeholder.jpg HTTP/1.1 304 0.933 ms
[29/Jul/2020 12:46:31] ::1 - - GET /api-documents HTTP/1.1 301 2.104 ms
[29/Jul/2020 12:46:31] ::1 - - GET /api-documents/ HTTP/1.1 200 40.916 ms
[29/Jul/2020 12:46:31] ::1 - - GET /api-documents/swagger-ui-bundle.js HTTP/1.1 200 5.506 ms
[29/Jul/2020 12:46:31] ::1 - - GET /api-documents/swagger-ui.css HTTP/1.1 200 40.167 ms
[29/Jul/2020 12:46:31] ::1 - - GET /api-documents/swagger-ui-standalone-preset.js HTTP/1.1 200 170.658 ms
[29/Jul/2020 01:03:34] ::ffff:127.0.0.1 - - GET /api/reports/active/1 HTTP/1.1 200 2272.302 ms
[29/Jul/2020 01:03:34] ::1 - - GET /API/reports/update HTTP/1.1 200 2314.601 ms
[29/Jul/2020 02:26:12] ::1 - - GET /api HTTP/1.1 200 1.950 ms
[29/Jul/2020 02:26:55] ::1 - - GET /api/facts HTTP/1.1 200 9566.224 ms
[29/Jul/2020 02:27:08] ::1 - - GET /api/facts HTTP/1.1 304 286.713 ms
[29/Jul/2020 02:27:08] ::1 - - GET /favicon.ico HTTP/1.1 200 9.827 ms
[29/Jul/2020 02:32:57] ::1 - - GET /api-documents HTTP/1.1 301 2.893 ms
[29/Jul/2020 02:32:57] ::1 - - GET /api-documents/ HTTP/1.1 200 61.673 ms
[29/Jul/2020 02:32:57] ::1 - - GET /api-documents/swagger-ui-bundle.js HTTP/1.1 200 61.270 ms
[29/Jul/2020 02:32:57] ::1 - - GET /api-documents/swagger-ui-standalone-preset.js HTTP/1.1 200 70.778 ms
[29/Jul/2020 02:32:57] ::1 - - GET /api-documents/swagger-ui.css HTTP/1.1 200 50.487 ms
[29/Jul/2020 02:37:46] ::1 - - GET /api-documents/ HTTP/1.1 304 5.027 ms
[29/Jul/2020 02:37:46] ::1 - - GET /api-documents/swagger-ui.css HTTP/1.1 304 2.884 ms
[29/Jul/2020 02:37:46] ::1 - - GET /api-documents/swagger-ui-standalone-preset.js HTTP/1.1 304 2.571 ms
[29/Jul/2020 02:37:46] ::1 - - GET /api-documents/swagger-ui-bundle.js HTTP/1.1 304 2.949 ms
[29/Jul/2020 02:37:46] ::1 - - GET /favicon.ico HTTP/1.1 304 2.052 ms
[29/Jul/2020 02:38:32] ::1 - - GET /api-documents/ HTTP/1.1 200 5.446 ms
[29/Jul/2020 02:38:32] ::1 - - GET /api-documents/swagger-ui.css HTTP/1.1 200 3.649 ms
[29/Jul/2020 02:38:32] ::1 - - GET /api-documents/swagger-ui-bundle.js HTTP/1.1 200 3.255 ms
[29/Jul/2020 02:38:32] ::1 - - GET /api-documents/swagger-ui-standalone-preset.js HTTP/1.1 200 0.924 ms
[29/Jul/2020 02:38:32] ::1 - - GET /favicon.ico HTTP/1.1 304 1.845 ms
[29/Jul/2020 02:41:51] ::1 - - GET / HTTP/1.1 304 4.521 ms
[29/Jul/2020 02:41:51] ::1 - - GET /runtime-es2015.js HTTP/1.1 304 4.350 ms
[29/Jul/2020 02:41:51] ::1 - - GET /polyfills-es2015.js HTTP/1.1 304 4.493 ms
[29/Jul/2020 02:41:51] ::1 - - GET /vendor-es2015.js HTTP/1.1 304 3.011 ms
[29/Jul/2020 02:41:51] ::1 - - GET /styles-es2015.js HTTP/1.1 304 3.564 ms
[29/Jul/2020 02:41:51] ::1 - - GET /main-es2015.js HTTP/1.1 304 4.086 ms
[29/Jul/2020 02:41:51] ::1 - - GET /scripts.js HTTP/1.1 304 1.226 ms
[29/Jul/2020 02:41:52] ::1 - - GET /assets/pink-bluegrey.css HTTP/1.1 304 0.865 ms
[29/Jul/2020 02:41:52] ::1 - - GET /assets/options.json HTTP/1.1 304 0.831 ms
[29/Jul/2020 02:41:52] ::1 - - GET /assets/img/5bitslogo.png HTTP/1.1 304 0.922 ms
[29/Jul/2020 02:42:00] ::1 - - GET /runtime-es2015.js HTTP/1.1 304 3.822 ms
[29/Jul/2020 02:42:00] ::1 - - GET /polyfills-es2015.js HTTP/1.1 304 3.336 ms
[29/Jul/2020 02:42:00] ::1 - - GET /styles-es2015.js HTTP/1.1 304 4.375 ms
[29/Jul/2020 02:42:00] ::1 - - GET /vendor-es2015.js HTTP/1.1 304 2.299 ms
[29/Jul/2020 02:42:00] ::1 - - GET /main-es2015.js HTTP/1.1 304 2.804 ms
[29/Jul/2020 02:42:00] ::1 - - GET /scripts.js HTTP/1.1 304 0.985 ms
[29/Jul/2020 02:42:00] ::1 - - GET /assets/img/5bitslogo.png HTTP/1.1 304 0.825 ms
[29/Jul/2020 02:42:00] ::1 - - GET /assets/pink-bluegrey.css HTTP/1.1 304 0.928 ms
[29/Jul/2020 02:42:00] ::1 - - GET /assets/options.json HTTP/1.1 304 0.823 ms
[29/Jul/2020 02:42:00] ::1 - - GET /assets/img/sad404.svg HTTP/1.1 304 0.822 ms
[29/Jul/2020 02:42:07] ::1 - - GET /api/facts HTTP/1.1 200 2085.910 ms
[29/Jul/2020 02:42:12] ::1 - - GET /api-documents/ HTTP/1.1 304 0.953 ms
[29/Jul/2020 02:42:12] ::1 - - GET /api-documents/swagger-ui.css HTTP/1.1 304 1.951 ms
[29/Jul/2020 02:42:12] ::1 - - GET /api-documents/swagger-ui-bundle.js HTTP/1.1 304 4.112 ms
[29/Jul/2020 02:42:12] ::1 - - GET /api-documents/swagger-ui-standalone-preset.js HTTP/1.1 304 4.569 ms
[29/Jul/2020 02:43:07] ::1 - - DELETE /API/facts/5f09a0e8b2c67b4d8ca77246 HTTP/1.1 200 17571.143 ms
[29/Jul/2020 02:43:44] ::ffff:127.0.0.1 - - DELETE /API/facts/5f09a0e8b2c67b4d8ca77246 HTTP/1.1 200 5370.792 ms
[29/Jul/2020 02:44:53] ::ffff:127.0.0.1 - - DELETE /API/facts/5f09a0e8b2c67b4d8ca77246 HTTP/1.1 200 5335.663 ms
[29/Jul/2020 02:44:57] ::ffff:127.0.0.1 - - DELETE /API/facts/5f09a0e8b2c67b4d8ca77246 HTTP/1.1 200 298.891 ms
[29/Jul/2020 02:45:49] ::1 - - DELETE /API/facts/5f09a0e8b2c67b4d8ca77246 HTTP/1.1 200 3424.517 ms
[29/Jul/2020 03:12:48] ::1 - - PUT /API/moderators/5Bits@gmail.coza HTTP/1.1 200 2747.267 ms
[29/Jul/2020 03:13:31] ::1 - - PUT /API/moderators/5Bits@gmail.com HTTP/1.1 200 26830.294 ms
[29/Jul/2020 03:14:00] ::1 - - PUT /API/moderators/u15015069@tuks.co.za HTTP/1.1 200 2761.050 ms
[29/Jul/2020 04:51:00] ::1 - - GET /API/facts HTTP/1.1 200 1999.210 ms
[29/Jul/2020 04:51:45] ::ffff:127.0.0.1 - - GET /API/facts HTTP/1.1 200 5678.558 ms
[29/Jul/2020 04:57:55] ::1 - - GET /api-documents/ HTTP/1.1 200 7.183 ms
[29/Jul/2020 04:57:55] ::1 - - GET /api-documents/swagger-ui.css HTTP/1.1 200 7.282 ms
[29/Jul/2020 04:57:55] ::1 - - GET /api-documents/swagger-ui-bundle.js HTTP/1.1 200 6.227 ms
[29/Jul/2020 04:57:55] ::1 - - GET /api-documents/swagger-ui-standalone-preset.js HTTP/1.1 200 35.116 ms
[29/Jul/2020 04:57:55] ::1 - - GET /favicon.ico HTTP/1.1 304 44.755 ms
[29/Jul/2020 04:58:28] ::1 - - GET /api-documents/ HTTP/1.1 200 1.736 ms
[29/Jul/2020 04:58:28] ::1 - - GET /api-documents/swagger-ui.css HTTP/1.1 200 4.837 ms
[29/Jul/2020 04:58:28] ::1 - - GET /api-documents/swagger-ui-standalone-preset.js HTTP/1.1 200 5.100 ms
[29/Jul/2020 04:58:28] ::1 - - GET /api-documents/swagger-ui-bundle.js HTTP/1.1 200 4.242 ms
[29/Jul/2020 04:58:28] ::1 - - GET /API-Documents/swagger.json HTTP/1.1 200 2.427 ms
[29/Jul/2020 04:58:28] ::1 - - GET /favicon.ico HTTP/1.1 304 0.955 ms
[29/Jul/2020 04:58:50] ::1 - - GET /API/Facts HTTP/1.1 200 2186.733 ms
[29/Jul/2020 04:59:21] ::1 - - POST /API/facts HTTP/1.1 201 456.308 ms
[29/Jul/2020 05:01:25] ::1 - - GET /api-documents/ HTTP/1.1 304 5.351 ms
[29/Jul/2020 05:01:25] ::1 - - GET /api-documents/swagger-ui.css HTTP/1.1 304 4.046 ms
[29/Jul/2020 05:01:25] ::1 - - GET /api-documents/swagger-ui-standalone-preset.js HTTP/1.1 304 3.939 ms
[29/Jul/2020 05:01:25] ::1 - - GET /api-documents/swagger-ui-bundle.js HTTP/1.1 304 4.708 ms
[29/Jul/2020 05:01:26] ::1 - - GET /API-Documents/swagger.json HTTP/1.1 200 14.311 ms
[29/Jul/2020 05:01:26] ::1 - - GET /favicon.ico HTTP/1.1 200 2.980 ms
[29/Jul/2020 05:02:30] ::1 - - GET /api-documents/ HTTP/1.1 304 5.520 ms
[29/Jul/2020 05:02:30] ::1 - - GET /api-documents/swagger-ui.css HTTP/1.1 304 6.926 ms
[29/Jul/2020 05:02:30] ::1 - - GET /api-documents/swagger-ui-bundle.js HTTP/1.1 304 1.593 ms
[29/Jul/2020 05:02:30] ::1 - - GET /api-documents/swagger-ui-standalone-preset.js HTTP/1.1 304 1.781 ms
[29/Jul/2020 05:02:30] ::1 - - GET /API-Documents/swagger.json HTTP/1.1 200 5.635 ms
[29/Jul/2020 05:02:30] ::1 - - GET /favicon.ico HTTP/1.1 304 1.417 ms
[29/Jul/2020 05:04:05] ::1 - - GET /API/facts/5f218ec9f399745ec8894a57 HTTP/1.1 200 2039.442 ms
[29/Jul/2020 05:05:49] ::1 - - GET /api-documents/ HTTP/1.1 304 5.646 ms
[29/Jul/2020 05:05:49] ::1 - - GET /api-documents/swagger-ui.css HTTP/1.1 304 1.361 ms
[29/Jul/2020 05:05:49] ::1 - - GET /api-documents/swagger-ui-bundle.js HTTP/1.1 304 1.756 ms
[29/Jul/2020 05:05:49] ::1 - - GET /api-documents/swagger-ui-standalone-preset.js HTTP/1.1 304 0.979 ms
[29/Jul/2020 05:05:50] ::1 - - GET /API-Documents/swagger.json HTTP/1.1 200 5.190 ms
[29/Jul/2020 05:05:50] ::1 - - GET /favicon.ico HTTP/1.1 200 2.350 ms
[29/Jul/2020 05:06:24] ::ffff:127.0.0.1 - - GET /api-documents/ HTTP/1.1 304 7.612 ms
[29/Jul/2020 05:06:24] ::ffff:127.0.0.1 - - GET /api-documents/swagger-ui.css HTTP/1.1 304 3.640 ms
[29/Jul/2020 05:06:24] ::1 - - GET /api-documents/swagger-ui-bundle.js HTTP/1.1 304 3.443 ms
[29/Jul/2020 05:06:24] ::1 - - GET /api-documents/swagger-ui-standalone-preset.js HTTP/1.1 304 4.217 ms
[29/Jul/2020 05:06:24] ::1 - - GET /API-Documents/swagger.json HTTP/1.1 200 4.561 ms
[29/Jul/2020 05:06:24] ::1 - - GET /favicon.ico HTTP/1.1 200 2.971 ms
[29/Jul/2020 05:07:15] ::1 - - GET /api-documents/ HTTP/1.1 304 5.006 ms
[29/Jul/2020 05:07:15] ::1 - - GET /api-documents/swagger-ui.css HTTP/1.1 304 3.535 ms
[29/Jul/2020 05:07:15] ::ffff:127.0.0.1 - - GET /api-documents/swagger-ui-bundle.js HTTP/1.1 304 4.480 ms
[29/Jul/2020 05:07:15] ::1 - - GET /api-documents/swagger-ui-standalone-preset.js HTTP/1.1 304 2.747 ms
[29/Jul/2020 05:07:15] ::1 - - GET /API-Documents/swagger.json HTTP/1.1 200 3.636 ms
[29/Jul/2020 05:07:15] ::1 - - GET /favicon.ico HTTP/1.1 304 2.789 ms
[29/Jul/2020 05:07:38] ::1 - - DELETE /API/facts/5f218ec9f399745ec8894a57 HTTP/1.1 200 2160.846 ms
[29/Jul/2020 05:08:34] ::1 - - GET /api-documents/ HTTP/1.1 304 6.553 ms
[29/Jul/2020 05:08:34] ::1 - - GET /api-documents/swagger-ui.css HTTP/1.1 304 3.188 ms
[29/Jul/2020 05:08:34] ::1 - - GET /api-documents/swagger-ui-bundle.js HTTP/1.1 304 2.276 ms
[29/Jul/2020 05:08:34] ::1 - - GET /api-documents/swagger-ui-standalone-preset.js HTTP/1.1 304 2.942 ms
[29/Jul/2020 05:08:34] ::1 - - GET /API-Documents/swagger.json HTTP/1.1 200 4.493 ms
[29/Jul/2020 05:08:34] ::1 - - GET /favicon.ico HTTP/1.1 304 1.552 ms
[29/Jul/2020 05:09:07] ::1 - - GET /api-documents/swagger-ui.css HTTP/1.1 304 2.132 ms
[29/Jul/2020 05:09:07] ::1 - - GET /api-documents/swagger-ui-bundle.js.map HTTP/1.1 304 2.345 ms
[29/Jul/2020 05:09:07] ::1 - - GET /api-documents/swagger-ui-standalone-preset.js.map HTTP/1.1 304 2.501 ms
[29/Jul/2020 05:09:07] ::1 - - GET /api-documents/swagger-ui.css.map HTTP/1.1 304 0.947 ms
[29/Jul/2020 05:09:48] ::1 - - GET /api-documents/ HTTP/1.1 200 1.516 ms
[29/Jul/2020 05:09:48] ::1 - - GET /api-documents/swagger-ui.css HTTP/1.1 200 2.924 ms
[29/Jul/2020 05:09:48] ::1 - - GET /api-documents/swagger-ui-standalone-preset.js HTTP/1.1 200 2.613 ms
[29/Jul/2020 05:09:48] ::1 - - GET /api-documents/swagger-ui-bundle.js HTTP/1.1 200 4.045 ms
[29/Jul/2020 05:09:48] ::1 - - GET /api-documents/swagger-ui.css.map HTTP/1.1 304 1.334 ms
[29/Jul/2020 05:09:48] ::1 - - GET /api-documents/swagger-ui-bundle.js.map HTTP/1.1 304 2.226 ms
[29/Jul/2020 05:09:48] ::1 - - GET /api-documents/swagger-ui-standalone-preset.js.map HTTP/1.1 304 2.718 ms
[29/Jul/2020 05:09:48] ::1 - - GET /favicon.ico HTTP/1.1 304 1.666 ms
[29/Jul/2020 05:09:48] ::1 - - GET /API-Documents/swagger.json HTTP/1.1 200 4.146 ms
[29/Jul/2020 05:10:27] ::1 - - GET /api-documents/ HTTP/1.1 304 0.846 ms
[29/Jul/2020 05:10:27] ::1 - - GET /api-documents/swagger-ui-bundle.js HTTP/1.1 304 1.510 ms
[29/Jul/2020 05:10:27] ::1 - - GET /api-documents/swagger-ui.css HTTP/1.1 200 5.779 ms
[29/Jul/2020 05:10:27] ::1 - - GET /api-documents/swagger-ui-standalone-preset.js HTTP/1.1 304 1.315 ms
[29/Jul/2020 05:10:27] ::1 - - GET /api-documents/swagger-ui.css.map HTTP/1.1 304 0.736 ms
[29/Jul/2020 05:10:28] ::1 - - GET /api-documents/swagger-ui-bundle.js.map HTTP/1.1 304 0.708 ms
[29/Jul/2020 05:10:28] ::1 - - GET /api-documents/swagger-ui-standalone-preset.js.map HTTP/1.1 304 0.880 ms
[29/Jul/2020 05:10:28] ::1 - - GET /API-Documents/swagger.json HTTP/1.1 304 1.633 ms
[29/Jul/2020 05:10:28] ::1 - - GET /favicon.ico HTTP/1.1 304 2.256 ms
[29/Jul/2020 05:10:32] ::1 - - GET /api-documents/ HTTP/1.1 200 1.361 ms
[29/Jul/2020 05:10:33] ::1 - - GET /api-documents/swagger-ui.css HTTP/1.1 200 5.097 ms
[29/Jul/2020 05:10:33] ::1 - - GET /api-documents/swagger-ui-standalone-preset.js HTTP/1.1 200 3.298 ms
[29/Jul/2020 05:10:33] ::1 - - GET /api-documents/swagger-ui-bundle.js HTTP/1.1 200 3.708 ms
[29/Jul/2020 05:10:33] ::1 - - GET /api-documents/swagger-ui.css.map HTTP/1.1 304 0.866 ms
[29/Jul/2020 05:10:33] ::1 - - GET /api-documents/swagger-ui-bundle.js.map HTTP/1.1 304 1.858 ms
[29/Jul/2020 05:10:33] ::1 - - GET /api-documents/swagger-ui-standalone-preset.js.map HTTP/1.1 304 2.202 ms
[29/Jul/2020 05:10:33] ::1 - - GET /favicon.ico HTTP/1.1 304 3.283 ms
[29/Jul/2020 05:10:33] ::1 - - GET /API-Documents/swagger.json HTTP/1.1 200 6.280 ms
[29/Jul/2020 05:14:01] ::1 - - GET /API/facts HTTP/1.1 200 2500.232 ms
[29/Jul/2020 05:14:17] ::1 - - GET /API/facts HTTP/1.1 250 4063.195 ms
[29/Jul/2020 05:15:16] ::ffff:127.0.0.1 - - GET /api-documents/ HTTP/1.1 304 24.778 ms
[29/Jul/2020 05:15:16] ::ffff:127.0.0.1 - - GET /api-documents/swagger-ui.css HTTP/1.1 304 1.170 ms
[29/Jul/2020 05:15:16] ::1 - - GET /api-documents/swagger-ui-bundle.js HTTP/1.1 304 2.118 ms
[29/Jul/2020 05:15:16] ::1 - - GET /api-documents/swagger-ui-standalone-preset.js HTTP/1.1 304 1.084 ms
[29/Jul/2020 05:15:16] ::1 - - GET /api-documents/swagger-ui.css.map HTTP/1.1 304 0.778 ms
[29/Jul/2020 05:15:16] ::1 - - GET /api-documents/swagger-ui-bundle.js.map HTTP/1.1 304 0.786 ms
[29/Jul/2020 05:15:16] ::1 - - GET /api-documents/swagger-ui-standalone-preset.js.map HTTP/1.1 304 0.989 ms
[29/Jul/2020 05:15:16] ::1 - - GET /API-Documents/swagger.json HTTP/1.1 200 4.751 ms
[29/Jul/2020 05:15:17] ::1 - - GET /favicon.ico HTTP/1.1 304 0.879 ms
[29/Jul/2020 05:15:47] ::1 - - GET /api-documents/ HTTP/1.1 304 5.682 ms
[29/Jul/2020 05:15:47] ::1 - - GET /api-documents/swagger-ui.css HTTP/1.1 304 2.952 ms
[29/Jul/2020 05:15:47] ::ffff:127.0.0.1 - - GET /api-documents/swagger-ui-bundle.js HTTP/1.1 304 3.663 ms
[29/Jul/2020 05:15:47] ::1 - - GET /api-documents/swagger-ui-standalone-preset.js HTTP/1.1 304 0.964 ms
[29/Jul/2020 05:15:47] ::1 - - GET /api-documents/swagger-ui.css.map HTTP/1.1 304 0.863 ms
[29/Jul/2020 05:15:47] ::1 - - GET /api-documents/swagger-ui-bundle.js.map HTTP/1.1 304 0.966 ms
[29/Jul/2020 05:15:47] ::1 - - GET /api-documents/swagger-ui-standalone-preset.js.map HTTP/1.1 304 1.416 ms
[29/Jul/2020 05:15:48] ::1 - - GET /API-Documents/swagger.json HTTP/1.1 200 3.836 ms
[29/Jul/2020 05:15:48] ::ffff:127.0.0.1 - - GET /favicon.ico HTTP/1.1 200 1.261 ms
[29/Jul/2020 05:16:11] ::1 - - GET /api-documents/ HTTP/1.1 304 12.018 ms
[29/Jul/2020 05:16:11] ::1 - - GET /api-documents/swagger-ui.css HTTP/1.1 304 2.396 ms
[29/Jul/2020 05:16:11] ::ffff:127.0.0.1 - - GET /api-documents/swagger-ui-bundle.js HTTP/1.1 304 3.227 ms
[29/Jul/2020 05:16:11] ::1 - - GET /api-documents/swagger-ui-standalone-preset.js HTTP/1.1 304 0.876 ms
[29/Jul/2020 05:16:11] ::1 - - GET /api-documents/swagger-ui.css.map HTTP/1.1 304 0.845 ms
[29/Jul/2020 05:16:12] ::1 - - GET /api-documents/swagger-ui-bundle.js.map HTTP/1.1 304 0.896 ms
[29/Jul/2020 05:16:12] ::1 - - GET /api-documents/swagger-ui-standalone-preset.js.map HTTP/1.1 304 0.900 ms
[29/Jul/2020 05:16:12] ::1 - - GET /API-Documents/swagger.json HTTP/1.1 200 5.947 ms
[29/Jul/2020 05:16:12] ::ffff:127.0.0.1 - - GET /favicon.ico HTTP/1.1 304 1.679 ms
[29/Jul/2020 05:17:23] ::1 - - GET /api-documents/ HTTP/1.1 304 4.914 ms
[29/Jul/2020 05:17:23] ::1 - - GET /api-documents/swagger-ui.css HTTP/1.1 304 6.315 ms
[29/Jul/2020 05:17:23] ::ffff:127.0.0.1 - - GET /api-documents/swagger-ui-bundle.js HTTP/1.1 304 6.882 ms
[29/Jul/2020 05:17:23] ::1 - - GET /api-documents/swagger-ui-standalone-preset.js HTTP/1.1 304 5.580 ms
[29/Jul/2020 05:17:24] ::1 - - GET /api-documents/swagger-ui.css.map HTTP/1.1 304 0.910 ms
[29/Jul/2020 05:17:24] ::1 - - GET /api-documents/swagger-ui-bundle.js.map HTTP/1.1 304 2.295 ms
[29/Jul/2020 05:17:24] ::ffff:127.0.0.1 - - GET /api-documents/swagger-ui-standalone-preset.js.map HTTP/1.1 304 2.676 ms
[29/Jul/2020 05:17:24] ::ffff:127.0.0.1 - - GET /API-Documents/swagger.json HTTP/1.1 200 4.751 ms
[29/Jul/2020 05:17:24] ::1 - - GET /favicon.ico HTTP/1.1 304 2.020 ms
[29/Jul/2020 05:18:51] ::1 - - GET /api-documents/ HTTP/1.1 304 13.813 ms
[29/Jul/2020 05:18:51] ::1 - - GET /api-documents/swagger-ui.css HTTP/1.1 304 4.020 ms
[29/Jul/2020 05:18:51] ::ffff:127.0.0.1 - - GET /api-documents/swagger-ui-bundle.js HTTP/1.1 304 4.439 ms
[29/Jul/2020 05:18:51] ::1 - - GET /api-documents/swagger-ui-standalone-preset.js HTTP/1.1 304 4.817 ms
[29/Jul/2020 05:18:51] ::1 - - GET /api-documents/swagger-ui.css.map HTTP/1.1 304 0.767 ms
[29/Jul/2020 05:18:51] ::1 - - GET /api-documents/swagger-ui-bundle.js.map HTTP/1.1 304 0.740 ms
[29/Jul/2020 05:18:51] ::1 - - GET /api-documents/swagger-ui-standalone-preset.js.map HTTP/1.1 304 0.887 ms
[29/Jul/2020 05:18:52] ::1 - - GET /API-Documents/swagger.json HTTP/1.1 200 3.478 ms
[29/Jul/2020 05:18:52] ::1 - - GET /favicon.ico HTTP/1.1 200 1.520 ms
[29/Jul/2020 05:20:27] ::1 - - GET /api-documents/ HTTP/1.1 304 4.750 ms
[29/Jul/2020 05:20:27] ::1 - - GET /api-documents/swagger-ui.css HTTP/1.1 304 1.593 ms
[29/Jul/2020 05:20:27] ::1 - - GET /api-documents/swagger-ui-bundle.js HTTP/1.1 304 2.531 ms
[29/Jul/2020 05:20:27] ::1 - - GET /api-documents/swagger-ui-standalone-preset.js HTTP/1.1 304 2.986 ms
[29/Jul/2020 05:20:27] ::1 - - GET /api-documents/swagger-ui.css.map HTTP/1.1 304 0.824 ms
[29/Jul/2020 05:20:27] ::1 - - GET /api-documents/swagger-ui-bundle.js.map HTTP/1.1 304 0.799 ms
[29/Jul/2020 05:20:27] ::1 - - GET /api-documents/swagger-ui-standalone-preset.js.map HTTP/1.1 304 0.803 ms
[29/Jul/2020 05:20:27] ::1 - - GET /API-Documents/swagger.json HTTP/1.1 200 11.065 ms
[29/Jul/2020 05:20:27] ::1 - - GET /favicon.ico HTTP/1.1 200 1.516 ms
[29/Jul/2020 05:21:00] ::1 - - GET /api-documents/ HTTP/1.1 200 8.665 ms
[29/Jul/2020 05:21:00] ::1 - - GET /api-documents/swagger-ui.css HTTP/1.1 200 7.700 ms
[29/Jul/2020 05:21:00] ::1 - - GET /api-documents/swagger-ui-standalone-preset.js HTTP/1.1 200 4.930 ms
[29/Jul/2020 05:21:00] ::1 - - GET /api-documents/swagger-ui-bundle.js HTTP/1.1 200 6.216 ms
[29/Jul/2020 05:21:00] ::1 - - GET /api-documents/swagger-ui.css.map HTTP/1.1 304 1.543 ms
[29/Jul/2020 05:21:01] ::1 - - GET /api-documents/swagger-ui-bundle.js.map HTTP/1.1 304 1.490 ms
[29/Jul/2020 05:21:01] ::1 - - GET /api-documents/swagger-ui-standalone-preset.js.map HTTP/1.1 304 7.539 ms
[29/Jul/2020 05:21:01] ::1 - - GET /API-Documents/swagger.json HTTP/1.1 200 1.583 ms
[29/Jul/2020 05:21:01] ::1 - - GET /favicon.ico HTTP/1.1 304 1.092 ms
[29/Jul/2020 05:21:18] ::1 - - GET /api-documents/ HTTP/1.1 304 5.031 ms
[29/Jul/2020 05:21:18] ::1 - - GET /api-documents/swagger-ui.css HTTP/1.1 304 1.161 ms
[29/Jul/2020 05:21:18] ::1 - - GET /api-documents/swagger-ui-bundle.js HTTP/1.1 304 1.947 ms
[29/Jul/2020 05:21:18] ::1 - - GET /api-documents/swagger-ui-standalone-preset.js HTTP/1.1 304 2.731 ms
[29/Jul/2020 05:21:18] ::1 - - GET /api-documents/swagger-ui.css.map HTTP/1.1 304 0.853 ms
[29/Jul/2020 05:21:18] ::1 - - GET /api-documents/swagger-ui-bundle.js.map HTTP/1.1 304 2.343 ms
[29/Jul/2020 05:21:18] ::1 - - GET /api-documents/swagger-ui-standalone-preset.js.map HTTP/1.1 304 1.056 ms
[29/Jul/2020 05:21:19] ::1 - - GET /API-Documents/swagger.json HTTP/1.1 200 7.377 ms
[29/Jul/2020 05:21:19] ::1 - - GET /favicon.ico HTTP/1.1 304 0.912 ms
[29/Jul/2020 05:22:04] ::1 - - GET /api-documents/ HTTP/1.1 304 6.266 ms
[29/Jul/2020 05:22:04] ::1 - - GET /api-documents/swagger-ui.css HTTP/1.1 304 2.409 ms
[29/Jul/2020 05:22:04] ::1 - - GET /api-documents/swagger-ui-bundle.js HTTP/1.1 304 3.290 ms
[29/Jul/2020 05:22:04] ::1 - - GET /api-documents/swagger-ui-standalone-preset.js HTTP/1.1 304 1.407 ms
[29/Jul/2020 05:22:04] ::1 - - GET /api-documents/swagger-ui.css.map HTTP/1.1 304 1.081 ms
[29/Jul/2020 05:22:04] ::1 - - GET /api-documents/swagger-ui-bundle.js.map HTTP/1.1 304 1.262 ms
[29/Jul/2020 05:22:04] ::1 - - GET /api-documents/swagger-ui-standalone-preset.js.map HTTP/1.1 304 1.068 ms
[29/Jul/2020 05:22:05] ::1 - - GET /API-Documents/swagger.json HTTP/1.1 200 4.442 ms
[29/Jul/2020 05:22:05] ::1 - - GET /favicon.ico HTTP/1.1 304 1.062 ms
[29/Jul/2020 05:22:34] ::1 - - GET /API/Facts HTTP/1.1 200 2392.227 ms
[29/Jul/2020 05:31:01] ::1 - - GET /API/sources HTTP/1.1 200 2367.718 ms
[29/Jul/2020 09:05:31] ::1 - - GET /api-documents/ HTTP/1.1 304 59.611 ms
[29/Jul/2020 09:05:31] ::1 - - GET /api-documents/swagger-ui.css HTTP/1.1 304 1.869 ms
[29/Jul/2020 09:05:31] ::1 - - GET /api-documents/swagger-ui-bundle.js HTTP/1.1 304 1.114 ms
[29/Jul/2020 09:05:31] ::1 - - GET /api-documents/swagger-ui-standalone-preset.js HTTP/1.1 304 0.693 ms
[29/Jul/2020 09:05:32] ::1 - - GET /API-Documents/swagger.json HTTP/1.1 200 29.630 ms
[29/Jul/2020 09:05:32] ::1 - - GET /favicon.ico HTTP/1.1 200 2.099 ms
[29/Jul/2020 09:05:33] ::1 - - GET /api-documents/swagger-ui.css.map HTTP/1.1 304 0.562 ms
[29/Jul/2020 09:05:34] ::1 - - GET /api-documents/swagger-ui-bundle.js.map HTTP/1.1 304 1.232 ms
[29/Jul/2020 09:05:34] ::1 - - GET /api-documents/swagger-ui-standalone-preset.js.map HTTP/1.1 304 1.684 ms
[29/Jul/2020 09:06:15] ::1 - - GET /API/Sources HTTP/1.1 200 38022.593 ms
[29/Jul/2020 09:07:42] ::1 - - GET /api-documents/ HTTP/1.1 304 5.126 ms
[29/Jul/2020 09:07:42] ::1 - - GET /api-documents/swagger-ui.css HTTP/1.1 304 0.882 ms
[29/Jul/2020 09:07:42] ::1 - - GET /api-documents/swagger-ui-bundle.js HTTP/1.1 304 0.841 ms
[29/Jul/2020 09:07:42] ::1 - - GET /api-documents/swagger-ui-standalone-preset.js HTTP/1.1 304 3.830 ms
[29/Jul/2020 09:07:42] ::1 - - GET /api-documents/swagger-ui.css.map HTTP/1.1 304 0.638 ms
[29/Jul/2020 09:07:43] ::1 - - GET /api-documents/swagger-ui-bundle.js.map HTTP/1.1 304 0.493 ms
[29/Jul/2020 09:07:43] ::1 - - GET /api-documents/swagger-ui-standalone-preset.js.map HTTP/1.1 304 0.641 ms
[29/Jul/2020 09:07:43] ::1 - - GET /favicon.ico HTTP/1.1 304 2.120 ms
[29/Jul/2020 09:07:43] ::1 - - GET /API-Documents/swagger.json HTTP/1.1 200 4.981 ms
[29/Jul/2020 09:08:03] ::1 - - GET /API/Sources HTTP/1.1 200 8307.307 ms
[29/Jul/2020 09:09:52] ::1 - - GET /api-documents/ HTTP/1.1 304 4.014 ms
[29/Jul/2020 09:09:52] ::1 - - GET /api-documents/swagger-ui.css HTTP/1.1 304 3.265 ms
[29/Jul/2020 09:09:52] ::1 - - GET /api-documents/swagger-ui-standalone-preset.js HTTP/1.1 304 3.218 ms
[29/Jul/2020 09:09:52] ::1 - - GET /api-documents/swagger-ui-bundle.js HTTP/1.1 304 3.716 ms
[29/Jul/2020 09:09:52] ::1 - - GET /api-documents/swagger-ui.css.map HTTP/1.1 304 0.486 ms
[29/Jul/2020 09:09:52] ::1 - - GET /api-documents/swagger-ui-bundle.js.map HTTP/1.1 304 0.845 ms
[29/Jul/2020 09:09:52] ::1 - - GET /api-documents/swagger-ui-standalone-preset.js.map HTTP/1.1 304 0.682 ms
[29/Jul/2020 09:09:52] ::1 - - GET /API-Documents/swagger.json HTTP/1.1 200 3.412 ms
[29/Jul/2020 09:09:52] ::1 - - GET /favicon.ico HTTP/1.1 304 1.815 ms
[29/Jul/2020 09:10:01] ::1 - - GET /API/Sources HTTP/1.1 304 4405.210 ms
[29/Jul/2020 09:15:05] ::1 - - GET /api-documents/ HTTP/1.1 304 4.188 ms
[29/Jul/2020 09:15:05] ::1 - - GET /api-documents/swagger-ui.css HTTP/1.1 304 3.458 ms
[29/Jul/2020 09:15:05] ::1 - - GET /api-documents/swagger-ui-bundle.js HTTP/1.1 304 2.559 ms
[29/Jul/2020 09:15:05] ::1 - - GET /api-documents/swagger-ui-standalone-preset.js HTTP/1.1 304 2.676 ms
[29/Jul/2020 09:15:05] ::1 - - GET /api-documents/swagger-ui.css.map HTTP/1.1 304 0.499 ms
[29/Jul/2020 09:15:05] ::1 - - GET /api-documents/swagger-ui-bundle.js.map HTTP/1.1 304 0.483 ms
[29/Jul/2020 09:15:05] ::1 - - GET /api-documents/swagger-ui-standalone-preset.js.map HTTP/1.1 304 0.531 ms
[29/Jul/2020 09:15:05] ::1 - - GET /API-Documents/swagger.json HTTP/1.1 200 4.072 ms
[29/Jul/2020 09:15:05] ::1 - - GET /favicon.ico HTTP/1.1 304 0.787 ms
[29/Jul/2020 09:15:56] ::1 - - POST /API/Sources HTTP/1.1 201 6637.063 ms
[29/Jul/2020 09:18:01] ::1 - - GET /api-documents/ HTTP/1.1 304 4.674 ms
[29/Jul/2020 09:18:01] ::1 - - GET /api-documents/swagger-ui.css HTTP/1.1 304 2.163 ms
[29/Jul/2020 09:18:01] ::1 - - GET /api-documents/swagger-ui-bundle.js HTTP/1.1 304 1.962 ms
[29/Jul/2020 09:18:01] ::1 - - GET /api-documents/swagger-ui-standalone-preset.js HTTP/1.1 304 0.891 ms
[29/Jul/2020 09:18:01] ::1 - - GET /api-documents/swagger-ui.css.map HTTP/1.1 304 0.561 ms
[29/Jul/2020 09:18:01] ::1 - - GET /api-documents/swagger-ui-bundle.js.map HTTP/1.1 304 0.537 ms
[29/Jul/2020 09:18:02] ::1 - - GET /api-documents/swagger-ui-standalone-preset.js.map HTTP/1.1 304 0.542 ms
[29/Jul/2020 09:18:02] ::1 - - GET /API-Documents/swagger.json HTTP/1.1 200 3.915 ms
[29/Jul/2020 09:18:02] ::1 - - GET /favicon.ico HTTP/1.1 304 1.025 ms
[29/Jul/2020 09:18:16] ::1 - - GET /API/Sources HTTP/1.1 200 2056.034 ms
[29/Jul/2020 09:19:34] ::1 - - GET /api-documents/ HTTP/1.1 304 9.236 ms
[29/Jul/2020 09:19:34] ::1 - - GET /api-documents/swagger-ui.css HTTP/1.1 304 5.311 ms
[29/Jul/2020 09:19:34] ::1 - - GET /api-documents/swagger-ui-bundle.js HTTP/1.1 304 3.524 ms
[29/Jul/2020 09:19:34] ::1 - - GET /api-documents/swagger-ui-standalone-preset.js HTTP/1.1 304 1.565 ms
[29/Jul/2020 09:19:34] ::1 - - GET /api-documents/swagger-ui.css.map HTTP/1.1 304 0.506 ms
[29/Jul/2020 09:19:35] ::1 - - GET /api-documents/swagger-ui-bundle.js.map HTTP/1.1 304 0.504 ms
[29/Jul/2020 09:19:35] ::1 - - GET /api-documents/swagger-ui-standalone-preset.js.map HTTP/1.1 304 0.623 ms
[29/Jul/2020 09:19:35] ::1 - - GET /API-Documents/swagger.json HTTP/1.1 200 3.080 ms
[29/Jul/2020 09:19:35] ::1 - - GET /favicon.ico HTTP/1.1 200 1.240 ms
[29/Jul/2020 09:19:45] ::1 - - GET /API/Sources/id/5ee08a4f05ad46cda28feb8d HTTP/1.1 200 2963.354 ms
[29/Jul/2020 09:21:42] ::1 - - GET /api-documents/ HTTP/1.1 304 4.541 ms
[29/Jul/2020 09:21:42] ::1 - - GET /api-documents/swagger-ui.css HTTP/1.1 304 2.048 ms
[29/Jul/2020 09:21:42] ::1 - - GET /api-documents/swagger-ui-bundle.js HTTP/1.1 304 2.244 ms
[29/Jul/2020 09:21:42] ::1 - - GET /api-documents/swagger-ui-standalone-preset.js HTTP/1.1 304 2.502 ms
[29/Jul/2020 09:21:42] ::1 - - GET /api-documents/swagger-ui.css.map HTTP/1.1 304 0.791 ms
[29/Jul/2020 09:21:42] ::1 - - GET /api-documents/swagger-ui-bundle.js.map HTTP/1.1 304 0.514 ms
[29/Jul/2020 09:21:42] ::1 - - GET /api-documents/swagger-ui-standalone-preset.js.map HTTP/1.1 304 0.624 ms
[29/Jul/2020 09:21:42] ::1 - - GET /API-Documents/swagger.json HTTP/1.1 200 2.883 ms
[29/Jul/2020 09:21:42] ::1 - - GET /favicon.ico HTTP/1.1 304 0.643 ms
[29/Jul/2020 09:22:15] ::1 - - GET /API/Sources/id/5ee08a4f05ad46cda28feb8d HTTP/1.1 304 7846.293 ms
[29/Jul/2020 09:23:26] ::1 - - GET /api-documents/ HTTP/1.1 304 4.313 ms
[29/Jul/2020 09:23:26] ::1 - - GET /api-documents/swagger-ui.css HTTP/1.1 304 0.848 ms
[29/Jul/2020 09:23:26] ::1 - - GET /api-documents/swagger-ui-bundle.js HTTP/1.1 304 2.939 ms
[29/Jul/2020 09:23:26] ::1 - - GET /api-documents/swagger-ui-standalone-preset.js HTTP/1.1 304 0.682 ms
[29/Jul/2020 09:23:26] ::1 - - GET /api-documents/swagger-ui.css.map HTTP/1.1 304 0.413 ms
[29/Jul/2020 09:23:26] ::1 - - GET /api-documents/swagger-ui-bundle.js.map HTTP/1.1 304 0.681 ms
[29/Jul/2020 09:23:26] ::1 - - GET /api-documents/swagger-ui-standalone-preset.js.map HTTP/1.1 304 0.672 ms
[29/Jul/2020 09:23:26] ::1 - - GET /API-Documents/swagger.json HTTP/1.1 200 4.153 ms
[29/Jul/2020 09:23:26] ::1 - - GET /favicon.ico HTTP/1.1 200 4.420 ms
[29/Jul/2020 09:25:00] ::1 - - GET /api-documents/ HTTP/1.1 304 4.590 ms
[29/Jul/2020 09:25:00] ::1 - - GET /api-documents/swagger-ui.css HTTP/1.1 304 0.840 ms
[29/Jul/2020 09:25:00] ::1 - - GET /api-documents/swagger-ui-bundle.js HTTP/1.1 304 0.570 ms
[29/Jul/2020 09:25:00] ::1 - - GET /api-documents/swagger-ui-standalone-preset.js HTTP/1.1 304 0.545 ms
[29/Jul/2020 09:25:00] ::1 - - GET /api-documents/swagger-ui.css.map HTTP/1.1 304 0.447 ms
[29/Jul/2020 09:25:00] ::1 - - GET /api-documents/swagger-ui-bundle.js.map HTTP/1.1 304 0.503 ms
[29/Jul/2020 09:25:00] ::1 - - GET /api-documents/swagger-ui-standalone-preset.js.map HTTP/1.1 304 0.598 ms
[29/Jul/2020 09:25:00] ::1 - - GET /favicon.ico HTTP/1.1 304 2.786 ms
[29/Jul/2020 09:25:00] ::1 - - GET /API-Documents/swagger.json HTTP/1.1 200 6.633 ms
[29/Jul/2020 09:26:09] ::1 - - GET /api-documents/ HTTP/1.1 304 4.986 ms
[29/Jul/2020 09:26:09] ::1 - - GET /api-documents/swagger-ui.css HTTP/1.1 304 2.561 ms
[29/Jul/2020 09:26:09] ::1 - - GET /api-documents/swagger-ui-bundle.js HTTP/1.1 304 1.037 ms
[29/Jul/2020 09:26:09] ::1 - - GET /api-documents/swagger-ui-standalone-preset.js HTTP/1.1 304 1.834 ms
[29/Jul/2020 09:26:09] ::1 - - GET /api-documents/swagger-ui.css.map HTTP/1.1 304 0.496 ms
[29/Jul/2020 09:26:09] ::1 - - GET /api-documents/swagger-ui-bundle.js.map HTTP/1.1 304 0.505 ms
[29/Jul/2020 09:26:09] ::1 - - GET /api-documents/swagger-ui-standalone-preset.js.map HTTP/1.1 304 0.531 ms
[29/Jul/2020 09:26:09] ::1 - - GET /favicon.ico HTTP/1.1 304 0.958 ms
[29/Jul/2020 09:26:09] ::1 - - GET /API-Documents/swagger.json HTTP/1.1 200 4.941 ms
[29/Jul/2020 09:31:12] ::1 - - GET /api-documents/ HTTP/1.1 304 5.607 ms
[29/Jul/2020 09:31:12] ::1 - - GET /api-documents/swagger-ui.css HTTP/1.1 304 1.407 ms
[29/Jul/2020 09:31:12] ::1 - - GET /api-documents/swagger-ui-bundle.js HTTP/1.1 304 1.153 ms
[29/Jul/2020 09:31:12] ::1 - - GET /api-documents/swagger-ui-standalone-preset.js HTTP/1.1 304 1.564 ms
[29/Jul/2020 09:31:12] ::1 - - GET /api-documents/swagger-ui.css.map HTTP/1.1 304 0.537 ms
[29/Jul/2020 09:31:12] ::1 - - GET /api-documents/swagger-ui-bundle.js.map HTTP/1.1 304 0.508 ms
[29/Jul/2020 09:31:12] ::1 - - GET /api-documents/swagger-ui-standalone-preset.js.map HTTP/1.1 304 0.609 ms
[29/Jul/2020 09:31:12] ::1 - - GET /API-Documents/swagger.json HTTP/1.1 200 3.268 ms
[29/Jul/2020 09:31:12] ::1 - - GET /favicon.ico HTTP/1.1 304 0.662 ms
[29/Jul/2020 09:33:26] ::1 - - GET /api-documents/ HTTP/1.1 304 4.462 ms
[29/Jul/2020 09:33:26] ::1 - - GET /api-documents/swagger-ui.css HTTP/1.1 304 2.507 ms
[29/Jul/2020 09:33:26] ::1 - - GET /api-documents/swagger-ui-bundle.js HTTP/1.1 304 2.194 ms
[29/Jul/2020 09:33:26] ::1 - - GET /api-documents/swagger-ui-standalone-preset.js HTTP/1.1 304 2.494 ms
[29/Jul/2020 09:33:26] ::1 - - GET /API-Documents/swagger.json HTTP/1.1 200 4.159 ms
[29/Jul/2020 09:33:26] ::1 - - GET /favicon.ico HTTP/1.1 200 0.970 ms
[29/Jul/2020 09:52:14] ::1 - - GET /api-documents/ HTTP/1.1 304 4.098 ms
[29/Jul/2020 09:52:14] ::1 - - GET /api-documents/swagger-ui.css HTTP/1.1 304 4.885 ms
[29/Jul/2020 09:52:14] ::1 - - GET /api-documents/swagger-ui-bundle.js HTTP/1.1 304 3.525 ms
[29/Jul/2020 09:52:14] ::1 - - GET /api-documents/swagger-ui-standalone-preset.js HTTP/1.1 304 4.175 ms
[29/Jul/2020 09:52:14] ::1 - - GET /API-Documents/swagger.json HTTP/1.1 200 5.419 ms
[29/Jul/2020 09:52:14] ::1 - - GET /favicon.ico HTTP/1.1 200 1.809 ms
[29/Jul/2020 09:55:27] ::1 - - GET /api-documents/ HTTP/1.1 304 4.292 ms
[29/Jul/2020 09:55:27] ::1 - - GET /api-documents/swagger-ui.css HTTP/1.1 304 2.877 ms
[29/Jul/2020 09:55:27] ::1 - - GET /api-documents/swagger-ui-bundle.js HTTP/1.1 304 2.537 ms
[29/Jul/2020 09:55:27] ::1 - - GET /api-documents/swagger-ui-standalone-preset.js HTTP/1.1 304 4.464 ms
[29/Jul/2020 09:55:27] ::1 - - GET /API-Documents/swagger.json HTTP/1.1 200 3.889 ms
[29/Jul/2020 09:55:27] ::1 - - GET /favicon.ico HTTP/1.1 304 1.529 ms
[29/Jul/2020 09:56:04] ::1 - - POST /API/Moderators HTTP/1.1 201 2485.745 ms
[29/Jul/2020 09:56:33] ::1 - - GET /API/Moderators/4mbarstu%40gmail.com HTTP/1.1 200 309.643 ms
[29/Jul/2020 10:01:01] ::1 - - GET /api-documents/ HTTP/1.1 304 4.714 ms
[29/Jul/2020 10:01:01] ::1 - - GET /api-documents/swagger-ui.css HTTP/1.1 304 0.652 ms
[29/Jul/2020 10:01:01] ::ffff:127.0.0.1 - - GET /api-documents/swagger-ui-bundle.js HTTP/1.1 304 0.447 ms
[29/Jul/2020 10:01:01] ::1 - - GET /api-documents/swagger-ui-standalone-preset.js HTTP/1.1 304 1.356 ms
[29/Jul/2020 10:01:02] ::1 - - GET /API-Documents/swagger.json HTTP/1.1 200 4.441 ms
[29/Jul/2020 10:01:02] ::1 - - GET /favicon.ico HTTP/1.1 304 1.021 ms
[29/Jul/2020 10:01:47] ::1 - - PUT /API/Moderators/4mbarstu%40gmail.com HTTP/1.1 200 2963.095 ms
[29/Jul/2020 10:07:58] ::1 - - PUT /API/Moderators/4mbarstu%40gmail.com HTTP/1.1 200 2237.794 ms
[29/Jul/2020 10:08:38] ::1 - - PUT /API/Moderators/4mbarstu%40gmail.com HTTP/1.1 202 2098.624 ms
[29/Jul/2020 10:12:01] ::1 - - PUT /API/Moderators/4mbarstu%40gmail.com HTTP/1.1 202 4031.730 ms
[29/Jul/2020 10:12:03] ::1 - - GET /api-documents/ HTTP/1.1 304 3.896 ms
[29/Jul/2020 10:12:03] ::1 - - GET /api-documents/swagger-ui.css HTTP/1.1 304 3.611 ms
[29/Jul/2020 10:12:03] ::1 - - GET /api-documents/swagger-ui-bundle.js HTTP/1.1 304 3.502 ms
[29/Jul/2020 10:12:03] ::1 - - GET /api-documents/swagger-ui-standalone-preset.js HTTP/1.1 304 1.147 ms
[29/Jul/2020 10:12:03] ::1 - - GET /API-Documents/swagger.json HTTP/1.1 200 4.273 ms
[29/Jul/2020 10:12:03] ::1 - - GET /favicon.ico HTTP/1.1 304 0.806 ms
[29/Jul/2020 10:12:21] ::1 - - PUT /API/Moderators/4mbarstu%40gmail.com HTTP/1.1 202 292.334 ms
[29/Jul/2020 10:19:16] ::1 - - GET /api-documents/ HTTP/1.1 304 11.006 ms
[29/Jul/2020 10:19:16] ::1 - - GET /api-documents/swagger-ui.css HTTP/1.1 304 2.385 ms
[29/Jul/2020 10:19:16] ::1 - - GET /api-documents/swagger-ui-bundle.js HTTP/1.1 304 2.887 ms
[29/Jul/2020 10:19:16] ::1 - - GET /api-documents/swagger-ui-standalone-preset.js HTTP/1.1 304 2.927 ms
[29/Jul/2020 10:19:16] ::1 - - GET /API-Documents/swagger.json HTTP/1.1 200 6.227 ms
[29/Jul/2020 10:19:16] ::1 - - GET /favicon.ico HTTP/1.1 304 1.488 ms
[29/Jul/2020 10:20:01] ::ffff:127.0.0.1 - - GET /api-documents/ HTTP/1.1 304 8.880 ms
[29/Jul/2020 10:20:01] ::ffff:127.0.0.1 - - GET /api-documents/swagger-ui.css HTTP/1.1 304 3.083 ms
[29/Jul/2020 10:20:01] ::1 - - GET /api-documents/swagger-ui-bundle.js HTTP/1.1 304 3.721 ms
[29/Jul/2020 10:20:01] ::ffff:127.0.0.1 - - GET /api-documents/swagger-ui-standalone-preset.js HTTP/1.1 304 1.548 ms
[29/Jul/2020 10:20:01] ::ffff:127.0.0.1 - - GET /API-Documents/swagger.json HTTP/1.1 200 4.150 ms
[29/Jul/2020 10:20:01] ::1 - - GET /favicon.ico HTTP/1.1 304 2.036 ms
[29/Jul/2020 10:21:20] ::1 - - GET /api-documents/ HTTP/1.1 304 4.711 ms
[29/Jul/2020 10:21:20] ::1 - - GET /api-documents/swagger-ui.css HTTP/1.1 304 3.611 ms
[29/Jul/2020 10:21:20] ::1 - - GET /api-documents/swagger-ui-bundle.js HTTP/1.1 304 3.179 ms
[29/Jul/2020 10:21:20] ::1 - - GET /api-documents/swagger-ui-standalone-preset.js HTTP/1.1 304 1.455 ms
[29/Jul/2020 10:21:20] ::1 - - GET /API-Documents/swagger.json HTTP/1.1 200 6.568 ms
[29/Jul/2020 10:21:20] ::1 - - GET /favicon.ico HTTP/1.1 200 6.031 ms
[29/Jul/2020 10:25:11] ::1 - - GET /api-documents/ HTTP/1.1 304 5.168 ms
[29/Jul/2020 10:25:11] ::1 - - GET /api-documents/swagger-ui.css HTTP/1.1 304 3.287 ms
[29/Jul/2020 10:25:11] ::1 - - GET /api-documents/swagger-ui-bundle.js HTTP/1.1 304 3.988 ms
[29/Jul/2020 10:25:11] ::1 - - GET /api-documents/swagger-ui-standalone-preset.js HTTP/1.1 304 1.409 ms
[29/Jul/2020 10:25:11] ::1 - - GET /favicon.ico HTTP/1.1 304 2.565 ms
[29/Jul/2020 10:25:11] ::1 - - GET /API-Documents/swagger.json HTTP/1.1 200 6.058 ms
[29/Jul/2020 10:26:31] ::1 - - GET /api-documents/ HTTP/1.1 304 4.948 ms
[29/Jul/2020 10:26:31] ::1 - - GET /api-documents/swagger-ui.css HTTP/1.1 304 4.106 ms
[29/Jul/2020 10:26:31] ::1 - - GET /api-documents/swagger-ui-bundle.js HTTP/1.1 304 4.643 ms
[29/Jul/2020 10:26:31] ::1 - - GET /api-documents/swagger-ui-standalone-preset.js HTTP/1.1 304 5.311 ms
[29/Jul/2020 10:26:31] ::1 - - GET /API-Documents/swagger.json HTTP/1.1 200 6.353 ms
[29/Jul/2020 10:26:31] ::1 - - GET /favicon.ico HTTP/1.1 200 2.470 ms
[29/Jul/2020 10:27:35] ::1 - - GET /api-documents/ HTTP/1.1 304 6.029 ms
[29/Jul/2020 10:27:35] ::1 - - GET /api-documents/swagger-ui.css HTTP/1.1 304 3.519 ms
[29/Jul/2020 10:27:35] ::1 - - GET /api-documents/swagger-ui-standalone-preset.js HTTP/1.1 304 3.615 ms
[29/Jul/2020 10:27:35] ::1 - - GET /api-documents/swagger-ui-bundle.js HTTP/1.1 304 4.170 ms
[29/Jul/2020 10:27:35] ::1 - - GET /API-Documents/swagger.json HTTP/1.1 200 3.908 ms
[29/Jul/2020 10:27:35] ::1 - - GET /favicon.ico HTTP/1.1 200 1.667 ms
[29/Jul/2020 10:29:12] ::1 - - GET /api-documents/ HTTP/1.1 304 4.990 ms
[29/Jul/2020 10:29:12] ::1 - - GET /api-documents/swagger-ui.css HTTP/1.1 304 5.569 ms
[29/Jul/2020 10:29:12] ::1 - - GET /api-documents/swagger-ui-bundle.js HTTP/1.1 304 5.363 ms
[29/Jul/2020 10:29:12] ::1 - - GET /api-documents/swagger-ui-standalone-preset.js HTTP/1.1 304 5.042 ms
[29/Jul/2020 10:29:12] ::1 - - GET /API-Documents/swagger.json HTTP/1.1 200 5.506 ms
[29/Jul/2020 10:29:12] ::1 - - GET /favicon.ico HTTP/1.1 200 2.620 ms
[29/Jul/2020 10:30:53] ::1 - - GET /api-documents/ HTTP/1.1 304 5.063 ms
[29/Jul/2020 10:30:53] ::1 - - GET /api-documents/swagger-ui.css HTTP/1.1 304 1.026 ms
[29/Jul/2020 10:30:53] ::ffff:127.0.0.1 - - GET /api-documents/swagger-ui-bundle.js HTTP/1.1 304 1.203 ms
[29/Jul/2020 10:30:53] ::1 - - GET /api-documents/swagger-ui-standalone-preset.js HTTP/1.1 304 1.444 ms
[29/Jul/2020 10:30:53] ::1 - - GET /API-Documents/swagger.json HTTP/1.1 200 4.744 ms
[29/Jul/2020 10:30:53] ::ffff:127.0.0.1 - - GET /favicon.ico HTTP/1.1 304 2.001 ms
[29/Jul/2020 10:31:54] ::1 - - GET /api-documents/ HTTP/1.1 304 8.461 ms
[29/Jul/2020 10:31:54] ::1 - - GET /api-documents/swagger-ui.css HTTP/1.1 304 1.029 ms
[29/Jul/2020 10:31:54] ::ffff:127.0.0.1 - - GET /api-documents/swagger-ui-bundle.js HTTP/1.1 304 3.022 ms
[29/Jul/2020 10:31:54] ::1 - - GET /api-documents/swagger-ui-standalone-preset.js HTTP/1.1 304 2.739 ms
[29/Jul/2020 10:31:54] ::1 - - GET /API-Documents/swagger.json HTTP/1.1 200 3.495 ms
[29/Jul/2020 10:31:54] ::1 - - GET /favicon.ico HTTP/1.1 304 1.155 ms
[29/Jul/2020 10:33:31] ::1 - - GET /api-documents/ HTTP/1.1 304 4.696 ms
[29/Jul/2020 10:33:31] ::1 - - GET /api-documents/swagger-ui.css HTTP/1.1 304 6.343 ms
[29/Jul/2020 10:33:31] ::1 - - GET /api-documents/swagger-ui-bundle.js HTTP/1.1 304 4.100 ms
[29/Jul/2020 10:33:31] ::1 - - GET /api-documents/swagger-ui-standalone-preset.js HTTP/1.1 304 5.349 ms
[29/Jul/2020 10:33:31] ::1 - - GET /API-Documents/swagger.json HTTP/1.1 200 5.462 ms
[29/Jul/2020 10:33:31] ::1 - - GET /favicon.ico HTTP/1.1 304 1.127 ms
[29/Jul/2020 10:36:33] ::1 - - GET /api-documents/ HTTP/1.1 304 4.405 ms
[29/Jul/2020 10:36:33] ::1 - - GET /api-documents/swagger-ui.css HTTP/1.1 304 1.637 ms
[29/Jul/2020 10:36:33] ::1 - - GET /api-documents/swagger-ui-bundle.js HTTP/1.1 304 2.472 ms
[29/Jul/2020 10:36:33] ::1 - - GET /api-documents/swagger-ui-standalone-preset.js HTTP/1.1 304 2.370 ms
[29/Jul/2020 10:36:33] ::1 - - GET /API-Documents/swagger.json HTTP/1.1 200 4.178 ms
[29/Jul/2020 10:36:33] ::1 - - GET /favicon.ico HTTP/1.1 200 1.958 ms
[29/Jul/2020 10:36:41] ::ffff:127.0.0.1 - - GET /api-documents/ HTTP/1.1 304 7.811 ms
[29/Jul/2020 10:36:41] ::ffff:127.0.0.1 - - GET /api-documents/swagger-ui.css HTTP/1.1 304 2.066 ms
[29/Jul/2020 10:36:42] ::1 - - GET /api-documents/swagger-ui-bundle.js HTTP/1.1 304 2.237 ms
[29/Jul/2020 10:36:42] ::1 - - GET /api-documents/swagger-ui-standalone-preset.js HTTP/1.1 304 2.869 ms
[29/Jul/2020 10:36:42] ::1 - - GET /API-Documents/swagger.json HTTP/1.1 200 3.600 ms
[29/Jul/2020 10:36:42] ::1 - - GET /favicon.ico HTTP/1.1 200 2.355 ms
[29/Jul/2020 10:39:11] ::1 - - GET /API/Facts HTTP/1.1 200 2433.617 ms
[29/Jul/2020 10:39:45] ::1 - - POST /API/Facts HTTP/1.1 201 387.644 ms
[29/Jul/2020 10:40:05] ::1 - - GET /API/Facts/5f21de91755b7f680c0ea96f HTTP/1.1 200 304.916 ms
[29/Jul/2020 10:40:22] ::1 - - DELETE /API/Facts/5f21de91755b7f680c0ea96f HTTP/1.1 200 324.525 ms
[29/Jul/2020 10:40:48] ::1 - - GET / HTTP/1.1 304 1.170 ms
[29/Jul/2020 10:40:48] ::1 - - GET /runtime-es2015.js HTTP/1.1 304 3.861 ms
[29/Jul/2020 10:40:48] ::1 - - GET /polyfills-es2015.js HTTP/1.1 304 4.746 ms
[29/Jul/2020 10:40:48] ::1 - - GET /styles-es2015.js HTTP/1.1 304 4.837 ms
[29/Jul/2020 10:40:48] ::1 - - GET /vendor-es2015.js HTTP/1.1 304 1.678 ms
[29/Jul/2020 10:40:48] ::1 - - GET /main-es2015.js HTTP/1.1 304 0.835 ms
[29/Jul/2020 10:40:49] ::1 - - GET /scripts.js HTTP/1.1 304 0.822 ms
[29/Jul/2020 10:40:49] ::1 - - GET /assets/pink-bluegrey.css HTTP/1.1 304 0.848 ms
[29/Jul/2020 10:40:49] ::1 - - GET /assets/options.json HTTP/1.1 304 0.851 ms
[29/Jul/2020 10:40:49] ::1 - - GET /assets/img/5bitslogo.png HTTP/1.1 304 1.156 ms
[29/Jul/2020 10:40:59] ::1 - - GET /assets/pink-bluegrey.css HTTP/1.1 304 1.998 ms
[29/Jul/2020 10:40:59] ::1 - - GET /runtime-es2015.js.map HTTP/1.1 200 34.811 ms
[29/Jul/2020 10:40:59] ::1 - - GET /polyfills-es2015.js.map HTTP/1.1 200 120.320 ms
[29/Jul/2020 10:40:59] ::1 - - GET /main-es2015.js.map HTTP/1.1 200 326.253 ms
[29/Jul/2020 10:40:59] ::1 - - GET /styles-es2015.js.map HTTP/1.1 200 212.754 ms
[29/Jul/2020 10:40:59] ::1 - - GET /vendor-es2015.js.map HTTP/1.1 200 152.364 ms
[29/Jul/2020 10:43:12] ::1 - - GET /assets/img/source.gif HTTP/1.1 200 31.210 ms
[29/Jul/2020 10:43:19] ::1 - - GET /assets/img/report.gif HTTP/1.1 200 36.678 ms
[29/Jul/2020 10:43:35] ::1 - - GET /API/Sources HTTP/1.1 200 309.053 ms
[29/Jul/2020 10:45:13] ::1 - - POST /API/Sources HTTP/1.1 201 295.805 ms
[29/Jul/2020 10:45:33] ::1 - - GET /API/Sources/id/5f1645a2e083bb113c726e0a HTTP/1.1 200 298.942 ms
[29/Jul/2020 10:48:32] ::ffff:127.0.0.1 - - GET /api-documents/ HTTP/1.1 304 5.642 ms
[29/Jul/2020 10:48:32] ::ffff:127.0.0.1 - - GET /api-documents/swagger-ui.css HTTP/1.1 304 4.583 ms
[29/Jul/2020 10:48:32] ::1 - - GET /api-documents/swagger-ui-standalone-preset.js HTTP/1.1 304 4.081 ms
[29/Jul/2020 10:48:32] ::1 - - GET /api-documents/swagger-ui-bundle.js HTTP/1.1 304 5.050 ms
[29/Jul/2020 10:48:32] ::1 - - GET /API-Documents/swagger.json HTTP/1.1 200 4.529 ms
[29/Jul/2020 10:48:32] ::1 - - GET /favicon.ico HTTP/1.1 304 0.931 ms
[29/Jul/2020 10:49:32] ::1 - - GET /api-documents/ HTTP/1.1 304 4.658 ms
[29/Jul/2020 10:49:32] ::1 - - GET /api-documents/swagger-ui.css HTTP/1.1 304 3.668 ms
[29/Jul/2020 10:49:32] ::1 - - GET /api-documents/swagger-ui-bundle.js HTTP/1.1 304 4.770 ms
[29/Jul/2020 10:49:32] ::1 - - GET /api-documents/swagger-ui-standalone-preset.js HTTP/1.1 304 0.898 ms
[29/Jul/2020 10:49:32] ::1 - - GET /API-Documents/swagger.json HTTP/1.1 200 6.997 ms
[29/Jul/2020 10:49:32] ::1 - - GET /favicon.ico HTTP/1.1 200 14.772 ms
[29/Jul/2020 10:49:47] ::1 - - GET /API/Sources HTTP/1.1 200 2015.998 ms
[29/Jul/2020 10:50:00] ::1 - - GET /API/Sources/id/5f21dfd8755b7f680c0ea970 HTTP/1.1 200 292.664 ms
[29/Jul/2020 10:52:36] ::1 - - PUT /API/Sources/id/5f21dfd8755b7f680c0ea970 HTTP/1.1 200 9991.803 ms
[29/Jul/2020 10:52:44] ::1 - - PUT /API/Sources/id/5f21dfd8755b7f680c0ea970 HTTP/1.1 202 298.755 ms
[29/Jul/2020 10:52:54] ::1 - - DELETE /API/Sources/id/5f21dfd8755b7f680c0ea970 HTTP/1.1 200 295.858 ms
[29/Jul/2020 10:53:49] ::ffff:127.0.0.1 - - GET /api-documents/ HTTP/1.1 304 4.914 ms
[29/Jul/2020 10:53:50] ::ffff:127.0.0.1 - - GET /api-documents/swagger-ui.css HTTP/1.1 304 1.283 ms
[29/Jul/2020 10:53:50] ::1 - - GET /api-documents/swagger-ui-bundle.js HTTP/1.1 304 1.681 ms
[29/Jul/2020 10:53:50] ::1 - - GET /api-documents/swagger-ui-standalone-preset.js HTTP/1.1 304 2.273 ms
[29/Jul/2020 10:53:50] ::1 - - GET /favicon.ico HTTP/1.1 304 2.697 ms
[29/Jul/2020 10:53:50] ::1 - - GET /API-Documents/swagger.json HTTP/1.1 200 6.420 ms
[29/Jul/2020 10:54:37] ::1 - - GET /API/Sources HTTP/1.1 200 2029.233 ms
[29/Jul/2020 10:55:51] ::1 - - GET /api-documents/ HTTP/1.1 304 5.499 ms
[29/Jul/2020 10:55:51] ::1 - - GET /api-documents/swagger-ui.css HTTP/1.1 304 1.951 ms
[29/Jul/2020 10:55:51] ::ffff:127.0.0.1 - - GET /api-documents/swagger-ui-bundle.js HTTP/1.1 304 1.555 ms
[29/Jul/2020 10:55:51] ::1 - - GET /api-documents/swagger-ui-standalone-preset.js HTTP/1.1 304 1.271 ms
[29/Jul/2020 10:55:52] ::1 - - GET /API-Documents/swagger.json HTTP/1.1 200 5.235 ms
[29/Jul/2020 10:55:52] ::ffff:127.0.0.1 - - GET /favicon.ico HTTP/1.1 304 1.331 ms
[29/Jul/2020 10:56:01] ::1 - - GET /API/Sources/name/mocha_test_news_source HTTP/1.1 200 2027.084 ms
[29/Jul/2020 10:56:17] ::1 - - GET /API/Sources/name/Fox%20News HTTP/1.1 200 294.012 ms
[29/Jul/2020 10:56:53] ::1 - - GET /API/Moderators HTTP/1.1 200 314.319 ms
[29/Jul/2020 10:57:29] ::1 - - POST /API/Moderators HTTP/1.1 201 374.772 ms
[29/Jul/2020 10:58:21] ::1 - - GET /API/Moderators/u15015069%40tuks.co.za HTTP/1.1 200 1966.227 ms
[29/Jul/2020 10:58:46] ::1 - - PUT /API/Moderators/u15015069%40tuks.co.za HTTP/1.1 200 316.681 ms
[29/Jul/2020 10:58:54] ::1 - - PUT /API/Moderators/u15015069%40tuks.co.za HTTP/1.1 202 293.073 ms
[29/Jul/2020 10:59:14] ::1 - - DELETE /API/Moderators/u15015069%40tuks.co.za HTTP/1.1 200 324.644 ms
[29/Jul/2020 10:59:21] ::1 - - DELETE /API/Moderators/u15015069%40tuks.co.za HTTP/1.1 200 289.791 ms
[29/Jul/2020 10:59:36] ::1 - - GET /API/Moderators HTTP/1.1 200 286.601 ms
[29/Jul/2020 10:59:48] ::1 - - DELETE /API/Moderators/stuartcbarclay%40gmail.com HTTP/1.1 200 310.174 ms
[29/Jul/2020 11:00:00] ::1 - - DELETE /API/Moderators/4mbarstu%40gmail.com HTTP/1.1 200 273.697 ms
[29/Jul/2020 11:00:08] ::1 - - GET /API/Moderators HTTP/1.1 200 298.807 ms
[29/Jul/2020 11:00:17] ::1 - - DELETE /API/Moderators/5Bits%40gmail.com HTTP/1.1 200 285.068 ms
[29/Jul/2020 11:00:23] ::1 - - GET /API/Moderators HTTP/1.1 200 296.654 ms
[29/Jul/2020 11:00:26] ::1 - - DELETE /API/Moderators/5Bits%40gmail.com HTTP/1.1 200 296.193 ms
[29/Jul/2020 11:00:27] ::1 - - DELETE /API/Moderators/5Bits%40gmail.com HTTP/1.1 200 292.947 ms
[29/Jul/2020 11:00:32] ::1 - - GET /API/Moderators HTTP/1.1 200 342.494 ms
[29/Jul/2020 11:00:38] ::1 - - DELETE /API/Moderators/5Bits%40gmail.com HTTP/1.1 200 277.397 ms
[29/Jul/2020 11:02:44] ::1 - - GET /API/Reports HTTP/1.1 200 346.169 ms
[29/Jul/2020 11:03:22] ::1 - - POST /API/Reports HTTP/1.1 201 319.633 ms
[29/Jul/2020 11:04:01] ::1 - - GET /api-documents/ HTTP/1.1 304 3.673 ms
[29/Jul/2020 11:04:01] ::1 - - GET /api-documents/swagger-ui.css HTTP/1.1 304 4.732 ms
[29/Jul/2020 11:04:01] ::1 - - GET /api-documents/swagger-ui-bundle.js HTTP/1.1 304 5.044 ms
[29/Jul/2020 11:04:01] ::1 - - GET /api-documents/swagger-ui-standalone-preset.js HTTP/1.1 304 4.919 ms
[29/Jul/2020 11:04:01] ::1 - - GET /API-Documents/swagger.json HTTP/1.1 200 11.383 ms
[29/Jul/2020 11:04:01] ::1 - - GET /favicon.ico HTTP/1.1 304 1.411 ms
[29/Jul/2020 11:04:47] ::1 - - GET /api-documents/ HTTP/1.1 200 9.300 ms
[29/Jul/2020 11:04:47] ::1 - - GET /api-documents/swagger-ui-bundle.js HTTP/1.1 200 3.367 ms
[29/Jul/2020 11:04:47] ::1 - - GET /api-documents/swagger-ui.css HTTP/1.1 200 19.037 ms
[29/Jul/2020 11:04:47] ::1 - - GET /api-documents/swagger-ui-standalone-preset.js HTTP/1.1 200 95.316 ms
[29/Jul/2020 11:04:48] ::1 - - GET /API-Documents/swagger.json HTTP/1.1 200 1.326 ms
[29/Jul/2020 11:04:48] ::1 - - GET /favicon.ico HTTP/1.1 200 3.519 ms
[29/Jul/2020 11:05:39] ::1 - - GET /api-documents/ HTTP/1.1 304 4.696 ms
[29/Jul/2020 11:05:39] ::1 - - GET /api-documents/swagger-ui.css HTTP/1.1 304 2.488 ms
[29/Jul/2020 11:05:39] ::ffff:127.0.0.1 - - GET /api-documents/swagger-ui-bundle.js HTTP/1.1 304 3.221 ms
[29/Jul/2020 11:05:39] ::1 - - GET /api-documents/swagger-ui-standalone-preset.js HTTP/1.1 304 0.796 ms
[29/Jul/2020 11:05:40] ::1 - - GET /API-Documents/swagger.json HTTP/1.1 200 5.207 ms
[29/Jul/2020 11:05:40] ::ffff:127.0.0.1 - - GET /favicon.ico HTTP/1.1 304 1.624 ms
[29/Jul/2020 11:05:54] ::1 - - POST /API/Reports HTTP/1.1 201 2016.663 ms
[29/Jul/2020 11:06:56] ::1 - - GET /API/Reports/id/5f21e4b0f666cd085cce69b7 HTTP/1.1 200 3263.210 ms
[29/Jul/2020 11:07:54] ::1 - - GET /api-documents/ HTTP/1.1 304 4.784 ms
[29/Jul/2020 11:07:54] ::1 - - GET /api-documents/swagger-ui.css HTTP/1.1 304 2.119 ms
[29/Jul/2020 11:07:54] ::ffff:127.0.0.1 - - GET /api-documents/swagger-ui-bundle.js HTTP/1.1 304 1.821 ms
[29/Jul/2020 11:07:54] ::1 - - GET /api-documents/swagger-ui-standalone-preset.js HTTP/1.1 304 2.310 ms
[29/Jul/2020 11:07:55] ::1 - - GET /API-Documents/swagger.json HTTP/1.1 200 4.467 ms
[29/Jul/2020 11:07:55] ::ffff:127.0.0.1 - - GET /favicon.ico HTTP/1.1 200 2.013 ms
[29/Jul/2020 11:08:04] ::1 - - GET /API/Reports/id/5f21e4b0f666cd085cce69b7 HTTP/1.1 304 1969.054 ms
[29/Jul/2020 11:08:31] ::1 - - GET /api-documents/ HTTP/1.1 304 4.747 ms
[29/Jul/2020 11:08:31] ::1 - - GET /api-documents/swagger-ui.css HTTP/1.1 304 3.313 ms
[29/Jul/2020 11:08:31] ::ffff:127.0.0.1 - - GET /api-documents/swagger-ui-bundle.js HTTP/1.1 304 3.511 ms
[29/Jul/2020 11:08:31] ::1 - - GET /api-documents/swagger-ui-standalone-preset.js HTTP/1.1 304 0.994 ms
[29/Jul/2020 11:08:31] ::1 - - GET /API-Documents/swagger.json HTTP/1.1 200 6.512 ms
[29/Jul/2020 11:08:31] ::ffff:127.0.0.1 - - GET /favicon.ico HTTP/1.1 304 2.569 ms
[29/Jul/2020 11:08:42] ::1 - - GET /API/Reports/id/5f21e4b0f666cd085cce69b7 HTTP/1.1 304 1985.037 ms
[29/Jul/2020 11:09:33] ::1 - - GET /API/Reports/type/1 HTTP/1.1 200 2038.916 ms
[29/Jul/2020 11:10:47] ::1 - - GET /api-documents/ HTTP/1.1 304 5.007 ms
[29/Jul/2020 11:10:47] ::1 - - GET /api-documents/swagger-ui.css HTTP/1.1 304 3.184 ms
[29/Jul/2020 11:10:47] ::1 - - GET /api-documents/swagger-ui-bundle.js HTTP/1.1 304 2.988 ms
[29/Jul/2020 11:10:47] ::1 - - GET /api-documents/swagger-ui-standalone-preset.js HTTP/1.1 304 1.240 ms
[29/Jul/2020 11:10:48] ::1 - - GET /API-Documents/swagger.json HTTP/1.1 200 5.147 ms
[29/Jul/2020 11:10:48] ::1 - - GET /favicon.ico HTTP/1.1 304 3.363 ms
[29/Jul/2020 11:10:55] ::1 - - GET /API/Reports/id/5f21e4b0f666cd085cce69b7 HTTP/1.1 304 2390.371 ms
[29/Jul/2020 11:11:45] ::1 - - GET /API/Reports/id/5f21e4b0f666cd085cce69b7 HTTP/1.1 304 4974.790 ms
[29/Jul/2020 11:12:13] ::1 - - GET /API/Reports/id/5f21e4b0f666cd085cce69b7 HTTP/1.1 304 3296.893 ms
[29/Jul/2020 11:12:35] ::ffff:127.0.0.1 - - GET /API/Reports/id/5f21e4b0f666cd085cce69b7 HTTP/1.1 200 4342.337 ms
[29/Jul/2020 11:13:02] ::1 - - GET /API/Reports/type/1 HTTP/1.1 304 317.349 ms
[29/Jul/2020 11:13:25] ::1 - - GET /API/Reports/active/1 HTTP/1.1 200 299.689 ms
[29/Jul/2020 11:13:58] ::1 - - PUT /API/Reports/active/1 HTTP/1.1 200 349.247 ms
[29/Jul/2020 11:14:04] ::1 - - PUT /API/Reports/active/1 HTTP/1.1 202 307.777 ms
[29/Jul/2020 11:14:18] ::1 - - PUT /API/Reports/type/1 HTTP/1.1 202 304.188 ms
[29/Jul/2020 11:14:27] ::1 - - PUT /API/Reports/type/1 HTTP/1.1 200 296.506 ms
[29/Jul/2020 11:14:42] ::1 - - PUT /API/Reports/id/5f21e4b0f666cd085cce69b7 HTTP/1.1 200 294.304 ms
[29/Jul/2020 11:14:45] ::1 - - PUT /API/Reports/id/5f21e4b0f666cd085cce69b7 HTTP/1.1 202 312.711 ms
[29/Jul/2020 11:14:58] ::1 - - DELETE /API/Reports/id/5f21e4b0f666cd085cce69b7 HTTP/1.1 200 288.979 ms
[29/Jul/2020 11:15:16] ::1 - - GET /API/Reports/active/0 HTTP/1.1 200 301.806 ms
[29/Jul/2020 11:15:32] ::1 - - DELETE /API/Reports/active/0 HTTP/1.1 200 297.156 ms
[29/Jul/2020 11:16:12] ::1 - - GET /API/Reports/active/0 HTTP/1.1 200 300.176 ms
[29/Jul/2020 11:16:19] ::1 - - GET /API/Reports/active/1 HTTP/1.1 200 316.191 ms
