[29/Jul/2020 12:36:21] ::1 - - GET /home HTTP/1.1 404 8.915 ms
[29/Jul/2020 12:37:35] ::1 - - GET /home HTTP/1.1 404 1.135 ms
[29/Jul/2020 02:42:00] ::1 - - GET /facts HTTP/1.1 404 31.090 ms
[29/Jul/2020 02:46:27] ::1 - - DELETE /API/facts/5f09a0e8b2c67b4d8ca772%20%20%20%2046 HTTP/1.1 500 3.622 ms
[29/Jul/2020 02:46:53] ::ffff:127.0.0.1 - - DELETE /API/facts/5f09a0e8b2c67b4d8ca772%20%20%20%2046 HTTP/1.1 500 8.861 ms
[29/Jul/2020 02:46:56] ::ffff:127.0.0.1 - - DELETE /API/facts/5f09a0e8b2c67b4d8ca772%20%20%20%2046 HTTP/1.1 500 0.867 ms
[29/Jul/2020 02:47:02] ::1 - - DELETE /API/facts/5f09a0e8b2c67b4d8ca772%20%20%20%2046 HTTP/1.1 500 1.193 ms
[29/Jul/2020 03:08:26] ::1 - - GET /API/moderators/5Bits@gmail.coza HTTP/1.1 404 2199.841 ms
[29/Jul/2020 03:08:49] ::ffff:127.0.0.1 - - GET /API/moderators/5Bits@gmail.coza HTTP/1.1 404 4900.936 ms
[29/Jul/2020 03:16:01] ::ffff:127.0.0.1 - - PUT /API/moderators/u15015069@tuks.co.za HTTP/1.1 404 8750.560 ms
[29/Jul/2020 03:16:34] ::1 - - PUT /API/moderators/u15015069@tuks.co.za HTTP/1.1 404 2694.582 ms
[29/Jul/2020 09:11:10] ::1 - - POST /API/Sources HTTP/1.1 500 69.403 ms
[29/Jul/2020 09:18:22] ::1 - - GET /API/Sources/5edfaea37a989f682a98b3a1 HTTP/1.1 404 1.733 ms
[29/Jul/2020 09:18:44] ::1 - - GET /API/Sources/5edfaea37a989f682a98b3a1 HTTP/1.1 404 0.354 ms
[29/Jul/2020 09:18:59] ::1 - - GET /API/Sources/5ee08a4f05ad46cda28feb8d HTTP/1.1 404 0.424 ms
[29/Jul/2020 10:40:59] ::1 - - GET /bootstrap.min.js.map HTTP/1.1 404 109.786 ms
[29/Jul/2020 10:45:52] ::1 - - DELETE /API/Sources/id/5f1645a2e083bb113c726e0a HTTP/1.1 404 2.072 ms
[29/Jul/2020 10:46:15] ::1 - - DELETE /API/Sources/id/5f1645a2e083bb113c726e0a HTTP/1.1 404 0.647 ms
[29/Jul/2020 10:46:53] ::1 - - DELETE /API/Sources/id/5ee186e05de6721c0ccbc14a HTTP/1.1 404 0.912 ms
[29/Jul/2020 10:50:16] ::1 - - PUT /API/Sources/id/5f21dfd8755b7f680c0ea970 HTTP/1.1 404 104.670 ms
[29/Jul/2020 10:50:43] ::1 - - PUT /API/Sources/id/5f21dfd8755b7f680c0ea970 HTTP/1.1 404 6.281 ms
[29/Jul/2020 10:51:07] ::1 - - PUT /API/Sources/id/5f21dfd8755b7f680c0ea970 HTTP/1.1 404 5.714 ms
[29/Jul/2020 10:51:21] ::1 - - PUT /API/Sources/id/5f21dfd8755b7f680c0ea970 HTTP/1.1 404 6.583 ms
[29/Jul/2020 10:51:33] ::1 - - PUT /API/Sources/id/5f21dfd8755b7f680c0ea970 HTTP/1.1 404 1641.697 ms
[29/Jul/2020 10:51:59] ::1 - - PUT /API/Sources/id/5f21dfd8755b7f680c0ea970 HTTP/1.1 404 58.005 ms
[29/Jul/2020 10:52:04] ::1 - - PUT /API/Sources/id/5f21dfd8755b7f680c0ea970 HTTP/1.1 404 5.516 ms
[29/Jul/2020 10:54:47] ::1 - - GET /API/Sources/name/%7BSourceName%7D HTTP/1.1 404 298.207 ms
[29/Jul/2020 10:55:03] ::1 - - GET /API/Sources/name/%7BSourceName%7D HTTP/1.1 404 290.711 ms
[29/Jul/2020 10:55:16] ::1 - - GET /API/Sources/name/%7BSourceName%7D HTTP/1.1 404 298.629 ms
[29/Jul/2020 10:59:04] ::1 - - PUT /API/Moderators/u15015069%40tuks.co.zap HTTP/1.1 404 274.169 ms
[29/Jul/2020 10:59:23] ::1 - - DELETE /API/Moderators/u15015069%40tuks.co.za HTTP/1.1 404 274.306 ms
[29/Jul/2020 10:59:24] ::1 - - DELETE /API/Moderators/u15015069%40tuks.co.za HTTP/1.1 404 283.199 ms
[29/Jul/2020 10:59:52] ::1 - - DELETE /API/Moderators/stuartcbarclay%40gmail.com HTTP/1.1 404 288.803 ms
[29/Jul/2020 11:00:02] ::1 - - DELETE /API/Moderators/4mbarstu%40gmail.com HTTP/1.1 404 299.580 ms
[29/Jul/2020 11:15:02] ::1 - - DELETE /API/Reports/id/5f21e4b0f666cd085cce69b7 HTTP/1.1 404 303.692 ms
[29/Jul/2020 11:15:38] ::1 - - DELETE /API/Reports/active/0 HTTP/1.1 404 300.574 ms
