22/Jul/2020:16:27:14 +0000 GET /API/Facts 200 4802.985 ms
22/Jul/2020:16:27:14 +0000 GET /API/Facts 200 288.305 ms
22/Jul/2020:16:27:15 +0000 GET /API/Facts/5ee08d65b9bd0cd05ed2a352 200 308.094 ms
22/Jul/2020:16:27:15 +0000 POST /API/Facts 201 296.548 ms
22/Jul/2020:16:27:15 +0000 GET /API/Facts 200 289.434 ms
22/Jul/2020:16:27:16 +0000 DELETE /API/Facts/5f1868e37ed4e748c6b6e69f 200 281.585 ms
22/Jul/2020:16:27:16 +0000 GET /API/Sources 200 289.486 ms
22/Jul/2020:16:27:16 +0000 GET /API/Sources 200 290.163 ms
22/Jul/2020:16:27:17 +0000 GET /API/Sources/5edf37ce5ad1d02b03fdf7c4 200 362.109 ms
22/Jul/2020:16:27:17 +0000 POST /API/sources 201 287.856 ms
22/Jul/2020:16:27:17 +0000 GET /API/Sources 200 298.245 ms
22/Jul/2020:16:27:17 +0000 PUT /API/Sources/5f1868e57ed4e748c6b6e6a0 200 285.896 ms
22/Jul/2020:16:27:18 +0000 GET /API/Sources 200 313.962 ms
22/Jul/2020:16:27:18 +0000 DELETE /API/Sources/5f1868e57ed4e748c6b6e6a0 200 289.141 ms
22/Jul/2020:19:02:06 +0000 GET /API/Facts 200 5281.628 ms
22/Jul/2020:19:02:07 +0000 GET /API/Facts 200 319.863 ms
22/Jul/2020:19:02:07 +0000 GET /API/Facts/5ee08d65b9bd0cd05ed2a352 200 302.629 ms
22/Jul/2020:19:02:07 +0000 POST /API/Facts 201 388.660 ms
22/Jul/2020:19:02:08 +0000 GET /API/Facts 200 326.113 ms
22/Jul/2020:19:02:08 +0000 DELETE /API/Facts/5f188d2fece0ac636760dc2d 200 317.791 ms
22/Jul/2020:19:02:08 +0000 GET /API/Sources 200 301.762 ms
22/Jul/2020:19:02:09 +0000 GET /API/Sources 200 304.839 ms
22/Jul/2020:19:02:09 +0000 GET /API/Sources/5edf37ce5ad1d02b03fdf7c4 200 381.105 ms
22/Jul/2020:19:02:09 +0000 POST /API/sources 201 342.372 ms
22/Jul/2020:19:02:10 +0000 GET /API/Sources 200 366.650 ms
22/Jul/2020:19:02:10 +0000 PUT /API/Sources/5f188d31ece0ac636760dc2e 200 298.937 ms
22/Jul/2020:19:02:12 +0000 GET /API/Sources 200 1575.712 ms
22/Jul/2020:19:02:12 +0000 DELETE /API/Sources/5f188d31ece0ac636760dc2e 200 310.178 ms
22/Jul/2020:19:06:52 +0000 GET /API/Facts 200 5822.384 ms
22/Jul/2020:19:06:52 +0000 GET /API/Facts 200 321.676 ms
22/Jul/2020:19:06:53 +0000 GET /API/Facts/5ee08d65b9bd0cd05ed2a352 200 325.503 ms
22/Jul/2020:19:06:53 +0000 POST /API/Facts 201 380.802 ms
22/Jul/2020:19:06:53 +0000 GET /API/Facts 200 310.304 ms
22/Jul/2020:19:06:54 +0000 DELETE /API/Facts/5f188e4d76be3065c8fe7cd1 200 327.603 ms
22/Jul/2020:19:06:54 +0000 GET /API/Sources 200 336.908 ms
22/Jul/2020:19:06:54 +0000 GET /API/Sources 200 384.022 ms
22/Jul/2020:19:06:55 +0000 GET /API/Sources/5edf37ce5ad1d02b03fdf7c4 200 373.889 ms
22/Jul/2020:19:06:55 +0000 POST /API/sources 201 320.159 ms
22/Jul/2020:19:06:56 +0000 GET /API/Sources 200 503.551 ms
22/Jul/2020:19:06:56 +0000 PUT /API/Sources/5f188e4f76be3065c8fe7cd2 200 351.549 ms
22/Jul/2020:19:06:56 +0000 GET /API/Sources 200 306.790 ms
22/Jul/2020:19:06:57 +0000 DELETE /API/Sources/5f188e4f76be3065c8fe7cd2 200 313.063 ms
